<?xml version="1.0" encoding="UTF-8"?>
<!-- Generated by org.testng.reporters.JUnitReportReporter -->
<testsuite hostname="ALIPL0455" name="SeleniumTestScript.Open_Task_Page" tests="1" failures="0" timestamp="9 Jun 2018 12:50:07 GMT" time="0.012" errors="0">
  <testcase name="openTaskTitle" time="0.012" classname="SeleniumTestScript.Open_Task_Page"/>
</testsuite> <!-- SeleniumTestScript.Open_Task_Page -->
